<?xml version="1.0" encoding="UTF-8"?>
<robot generator="Robot 5.0.1 (Python 3.10.5 on win32)" generated="20220904 12:08:54.473" rpa="false" schemaversion="3">
<suite id="s1" name="testeTask" source="C:\Users\giba_\OneDrive\Trabalho\TheLittleOrange\LittleOrange\TesteApp\testeTask.robot">
<test id="s1-t1" name="Caso Teste 02.00: Acessa tela inicial" line="32">
<kw name="Acessar pagina home do site" library="resource">
<kw name="Open Browser" library="SeleniumLibrary">
<arg>url=${URL}</arg>
<arg>browser=${BROWSER}</arg>
<doc>Opens a new browser instance to the optional ``url``.</doc>
<msg timestamp="20220904 12:08:54.756" level="INFO">Opening browser 'Chrome' to base url 'https://thelittleorange.app'.</msg>
<status status="PASS" starttime="20220904 12:08:54.755" endtime="20220904 12:08:57.779"/>
</kw>
<status status="PASS" starttime="20220904 12:08:54.754" endtime="20220904 12:08:57.779"/>
</kw>
<kw name="Clicar no botao Acessar" library="resource">
<kw name="Wait Until Element Is Visible" library="SeleniumLibrary">
<arg>xpath=/html/body/nav/div/div/a[2]</arg>
<doc>Waits until the element ``locator`` is visible.</doc>
<status status="PASS" starttime="20220904 12:08:57.780" endtime="20220904 12:08:57.806"/>
</kw>
<kw name="Click Element" library="SeleniumLibrary">
<arg>xpath=/html/body/nav/div/div/a[2]</arg>
<doc>Click the element identified by ``locator``.</doc>
<msg timestamp="20220904 12:08:57.807" level="INFO">Clicking element 'xpath=/html/body/nav/div/div/a[2]'.</msg>
<status status="PASS" starttime="20220904 12:08:57.807" endtime="20220904 12:08:58.954"/>
</kw>
<status status="PASS" starttime="20220904 12:08:57.780" endtime="20220904 12:08:58.954"/>
</kw>
<kw name="Ir para tela Inicial" library="resource">
<kw name="Wait Until Element Is Visible" library="SeleniumLibrary">
<arg>xpath=/html/body/app-root</arg>
<doc>Waits until the element ``locator`` is visible.</doc>
<status status="PASS" starttime="20220904 12:08:58.954" endtime="20220904 12:08:58.981"/>
</kw>
<kw name="Page Should Contain" library="SeleniumLibrary">
<arg>Esqueceu a senha</arg>
<doc>Verifies that current page contains ``text``.</doc>
<msg timestamp="20220904 12:08:58.997" level="INFO">Current page contains text 'Esqueceu a senha'.</msg>
<status status="PASS" starttime="20220904 12:08:58.981" endtime="20220904 12:08:58.997"/>
</kw>
<kw name="Page Should Contain" library="SeleniumLibrary">
<arg>Criar nova conta</arg>
<doc>Verifies that current page contains ``text``.</doc>
<msg timestamp="20220904 12:08:59.011" level="INFO">Current page contains text 'Criar nova conta'.</msg>
<status status="PASS" starttime="20220904 12:08:58.997" endtime="20220904 12:08:59.011"/>
</kw>
<status status="PASS" starttime="20220904 12:08:58.954" endtime="20220904 12:08:59.011"/>
</kw>
<kw name="Clicar link Criar nova conta" library="resource">
<kw name="Wait Until Element Is Visible" library="SeleniumLibrary">
<arg>xpath=/html/body/app-root/app-auth/div/form/div/div[5]/button</arg>
<doc>Waits until the element ``locator`` is visible.</doc>
<status status="PASS" starttime="20220904 12:08:59.012" endtime="20220904 12:08:59.034"/>
</kw>
<kw name="Click Element" library="SeleniumLibrary">
<arg>xpath=/html/body/app-root/app-auth/div/form/div/div[5]/button</arg>
<doc>Click the element identified by ``locator``.</doc>
<msg timestamp="20220904 12:08:59.034" level="INFO">Clicking element 'xpath=/html/body/app-root/app-auth/div/form/div/div[5]/button'.</msg>
<status status="PASS" starttime="20220904 12:08:59.034" endtime="20220904 12:08:59.076"/>
</kw>
<status status="PASS" starttime="20220904 12:08:59.011" endtime="20220904 12:08:59.076"/>
</kw>
<status status="PASS" starttime="20220904 12:08:54.752" endtime="20220904 12:08:59.077"/>
</test>
<test id="s1-t2" name="Caso Teste 02.01: Cadastra novo morador" line="40">
<kw name="Wait Until Element Is Visible" library="SeleniumLibrary">
<arg>xpath=/html/body/app-root/app-register/app-app/div[2]</arg>
<doc>Waits until the element ``locator`` is visible.</doc>
<status status="PASS" starttime="20220904 12:08:59.078" endtime="20220904 12:08:59.336"/>
</kw>
<kw name="Page Should Contain" library="SeleniumLibrary">
<arg>Criar uma conta</arg>
<doc>Verifies that current page contains ``text``.</doc>
<msg timestamp="20220904 12:08:59.382" level="INFO">Current page contains text 'Criar uma conta'.</msg>
<status status="PASS" starttime="20220904 12:08:59.336" endtime="20220904 12:08:59.382"/>
</kw>
<kw name="Input Text" library="SeleniumLibrary">
<arg>id=nome</arg>
<arg>${NOME}</arg>
<doc>Types the given ``text`` into the text field identified by ``locator``.</doc>
<msg timestamp="20220904 12:08:59.384" level="INFO">Typing text 'Usuario teste Automatico' into text field 'id=nome'.</msg>
<status status="PASS" starttime="20220904 12:08:59.383" endtime="20220904 12:08:59.535"/>
</kw>
<kw name="Input Text" library="SeleniumLibrary">
<arg>id=dtNascimento</arg>
<arg>${DATANASCIMENTO}</arg>
<doc>Types the given ``text`` into the text field identified by ``locator``.</doc>
<msg timestamp="20220904 12:08:59.536" level="INFO">Typing text '25/12/1985' into text field 'id=dtNascimento'.</msg>
<status status="PASS" starttime="20220904 12:08:59.536" endtime="20220904 12:08:59.637"/>
</kw>
<kw name="Input Text" library="SeleniumLibrary">
<arg>id=cpf_Cnpj</arg>
<arg>${CPF}</arg>
<doc>Types the given ``text`` into the text field identified by ``locator``.</doc>
<msg timestamp="20220904 12:08:59.638" level="INFO">Typing text '113.380.650-33' into text field 'id=cpf_Cnpj'.</msg>
<status status="PASS" starttime="20220904 12:08:59.638" endtime="20220904 12:08:59.780"/>
</kw>
<kw name="Input Text" library="SeleniumLibrary">
<arg>id=email</arg>
<arg>${EMAIL}</arg>
<doc>Types the given ``text`` into the text field identified by ``locator``.</doc>
<msg timestamp="20220904 12:08:59.781" level="INFO">Typing text 'usuario.teste@thelittleorange.app' into text field 'id=email'.</msg>
<status status="PASS" starttime="20220904 12:08:59.780" endtime="20220904 12:08:59.950"/>
</kw>
<kw name="Input Text" library="SeleniumLibrary">
<arg>id=celular</arg>
<arg>${CELULAR}</arg>
<doc>Types the given ``text`` into the text field identified by ``locator``.</doc>
<msg timestamp="20220904 12:08:59.951" level="INFO">Typing text '11 91114 1115' into text field 'id=celular'.</msg>
<status status="PASS" starttime="20220904 12:08:59.951" endtime="20220904 12:09:00.113"/>
</kw>
<kw name="Input Text" library="SeleniumLibrary">
<arg>id=senha</arg>
<arg>${SENHA}</arg>
<doc>Types the given ``text`` into the text field identified by ``locator``.</doc>
<msg timestamp="20220904 12:09:00.115" level="INFO">Typing text 'segredo' into text field 'id=senha'.</msg>
<status status="PASS" starttime="20220904 12:09:00.114" endtime="20220904 12:09:00.249"/>
</kw>
<kw name="Input Text" library="SeleniumLibrary">
<arg>id=repita_senha</arg>
<arg>${SENHA}</arg>
<doc>Types the given ``text`` into the text field identified by ``locator``.</doc>
<msg timestamp="20220904 12:09:00.252" level="INFO">Typing text 'segredo' into text field 'id=repita_senha'.</msg>
<status status="PASS" starttime="20220904 12:09:00.251" endtime="20220904 12:09:00.377"/>
</kw>
<kw name="Click Element" library="SeleniumLibrary">
<arg>id=senha</arg>
<doc>Click the element identified by ``locator``.</doc>
<msg timestamp="20220904 12:09:00.380" level="INFO">Clicking element 'id=senha'.</msg>
<status status="PASS" starttime="20220904 12:09:00.379" endtime="20220904 12:09:00.424"/>
</kw>
<kw name="Sleep" library="BuiltIn">
<arg>5s</arg>
<doc>Pauses the test executed for the given time.</doc>
<msg timestamp="20220904 12:09:05.438" level="INFO">Slept 5 seconds</msg>
<status status="PASS" starttime="20220904 12:09:00.428" endtime="20220904 12:09:05.438"/>
</kw>
<kw name="Click Element" library="SeleniumLibrary">
<arg>xpath=/html/body/app-root/app-register/app-app/div[2]/form/div/div[9]/button</arg>
<doc>Click the element identified by ``locator``.</doc>
<msg timestamp="20220904 12:09:05.439" level="INFO">Clicking element 'xpath=/html/body/app-root/app-register/app-app/div[2]/form/div/div[9]/button'.</msg>
<status status="PASS" starttime="20220904 12:09:05.439" endtime="20220904 12:09:05.501"/>
</kw>
<kw name="Sleep" library="BuiltIn">
<arg>5s</arg>
<doc>Pauses the test executed for the given time.</doc>
<msg timestamp="20220904 12:09:10.512" level="INFO">Slept 5 seconds</msg>
<status status="PASS" starttime="20220904 12:09:05.505" endtime="20220904 12:09:10.513"/>
</kw>
<kw name="Wait Until Element Is Visible" library="SeleniumLibrary">
<arg>xpath=/html/body/modal-container/div[2]/div/app-modal</arg>
<doc>Waits until the element ``locator`` is visible.</doc>
<msg timestamp="20220904 12:09:15.833" level="INFO" html="true">&lt;/td&gt;&lt;/tr&gt;&lt;tr&gt;&lt;td colspan="3"&gt;&lt;a href="selenium-screenshot-4.png"&gt;&lt;img src="selenium-screenshot-4.png" width="800px"&gt;&lt;/a&gt;</msg>
<msg timestamp="20220904 12:09:15.834" level="FAIL">Element 'xpath=/html/body/modal-container/div[2]/div/app-modal' not visible after 5 seconds.</msg>
<status status="FAIL" starttime="20220904 12:09:10.516" endtime="20220904 12:09:15.848"/>
</kw>
<kw name="Page Should Contain" library="SeleniumLibrary">
<arg>Cadastro realizado. Agora você pode adicionar seu primeiro condomínio.</arg>
<doc>Verifies that current page contains ``text``.</doc>
<status status="NOT RUN" starttime="20220904 12:09:15.850" endtime="20220904 12:09:15.850"/>
</kw>
<kw name="Click Element" library="SeleniumLibrary">
<arg>xpath=/html/body/modal-container/div[2]/div/app-modal/div[1]/button</arg>
<doc>Click the element identified by ``locator``.</doc>
<status status="NOT RUN" starttime="20220904 12:09:15.850" endtime="20220904 12:09:15.850"/>
</kw>
<kw name="Fechar Navegador" library="resource">
<status status="NOT RUN" starttime="20220904 12:09:15.851" endtime="20220904 12:09:15.851"/>
</kw>
<status status="FAIL" starttime="20220904 12:08:59.078" endtime="20220904 12:09:15.852">Element 'xpath=/html/body/modal-container/div[2]/div/app-modal' not visible after 5 seconds.</status>
</test>
<doc>Suite 01 acesso usuario e senha</doc>
<status status="FAIL" starttime="20220904 12:08:54.477" endtime="20220904 12:09:15.854"/>
</suite>
<statistics>
<total>
<stat pass="1" fail="1" skip="0">All Tests</stat>
</total>
<tag>
</tag>
<suite>
<stat pass="1" fail="1" skip="0" id="s1" name="testeTask">testeTask</stat>
</suite>
</statistics>
<errors>
</errors>
</robot>
